<?xml version="1.0" encoding="UTF-8"?>
<testng-results ignored="0" total="1" passed="1" failed="0" skipped="0">
  <reporter-output>
  </reporter-output>
  <suite started-at="2020-10-25T00:18:47 IST" name="Default suite" finished-at="2020-10-25T00:18:58 IST" duration-ms="11501">
    <groups>
    </groups>
    <test started-at="2020-10-25T00:18:47 IST" name="Default test" finished-at="2020-10-25T00:18:58 IST" duration-ms="11501">
      <class name="Temp.AA">
        <test-method signature="f()[pri:0, instance:Temp.AA@4c15e7fd]" started-at="2020-10-25T00:18:47 IST" name="f" finished-at="2020-10-25T00:18:58 IST" duration-ms="11442" status="PASS">
          <reporter-output>
          </reporter-output>
        </test-method> <!-- f -->
      </class> <!-- Temp.AA -->
    </test> <!-- Default test -->
  </suite> <!-- Default suite -->
</testng-results>
